#
# There is insufficient memory for the Java Runtime Environment to continue.
# Native memory allocation (malloc) failed to allocate 1831856 bytes for Chunk::new
# Possible reasons:
#   The system is out of physical RAM or swap space
#   The process is running with CompressedOops enabled, and the Java Heap may be blocking the growth of the native heap
# Possible solutions:
#   Reduce memory load on the system
#   Increase physical memory or swap space
#   Check if swap backing store is full
#   Decrease Java heap size (-Xmx/-Xms)
#   Decrease number of Java threads
#   Decrease Java thread stack sizes (-Xss)
#   Set larger code cache with -XX:ReservedCodeCacheSize=
#   JVM is running with Unscaled Compressed Oops mode in which the Java heap is
#     placed in the first 4GB address space. The Java Heap base address is the
#     maximum limit for the native heap growth. Please use -XX:HeapBaseMinAddress
#     to set the Java Heap base and to place the Java Heap above 4GB virtual address.
# This output file may be truncated or incomplete.
#
#  Out of Memory Error (./src/hotspot/share/memory/arena.cpp:197), pid=15136, tid=11224
#
# JRE version: OpenJDK Runtime Environment (11.0.11+9) (build 11.0.11+9-b60-7590822)
# Java VM: OpenJDK 64-Bit Server VM (11.0.11+9-b60-7590822, mixed mode, tiered, compressed oops, g1 gc, windows-amd64)
# No core dump will be written. Minidumps are not enabled by default on client versions of Windows
#

---------------  S U M M A R Y ------------

Command Line: --add-opens=java.base/java.util=ALL-UNNAMED --add-opens=java.base/java.lang=ALL-UNNAMED --add-opens=java.base/java.lang.invoke=ALL-UNNAMED --add-opens=java.base/java.util=ALL-UNNAMED --add-opens=java.prefs/java.util.prefs=ALL-UNNAMED --add-opens=java.prefs/java.util.prefs=ALL-UNNAMED --add-opens=java.base/java.nio.charset=ALL-UNNAMED --add-opens=java.base/java.net=ALL-UNNAMED --add-opens=java.base/java.util.concurrent.atomic=ALL-UNNAMED -Xmx1536M -Dfile.encoding=windows-1252 -Duser.country=US -Duser.language=en -Duser.variant org.gradle.launcher.daemon.bootstrap.GradleDaemon 7.5

Host: Intel(R) Core(TM) i5-10300H CPU @ 2.50GHz, 8 cores, 7G,  Windows 10 , 64 bit Build 22000 (10.0.22000.2538)
Time: Sat Dec  7 17:16:22 2024 Egypt Standard Time elapsed time: 4.892800 seconds (0d 0h 0m 4s)

---------------  T H R E A D  ---------------

Current thread (0x000001bcf598b800):  JavaThread "C2 CompilerThread0" daemon [_thread_in_native, id=11224, stack(0x00000034a9f00000,0x00000034aa000000)]


Current CompileTask:
C2:   4892 3285       4       java.net.URLClassLoader$1::run (5 bytes)

Stack: [0x00000034a9f00000,0x00000034aa000000]
Native frames: (J=compiled Java code, j=interpreted, Vv=VM code, C=native code)
V  [jvm.dll+0x5f214a]
V  [jvm.dll+0x726fb5]
V  [jvm.dll+0x7285cd]
V  [jvm.dll+0x728c83]
V  [jvm.dll+0x243278]
V  [jvm.dll+0xbc53c]
V  [jvm.dll+0xbca3c]
V  [jvm.dll+0x353e7d]
V  [jvm.dll+0x321893]
V  [jvm.dll+0x320d8a]
V  [jvm.dll+0x1fc1e2]
V  [jvm.dll+0x1fb3d4]
V  [jvm.dll+0x183d6c]
V  [jvm.dll+0x209a57]
V  [jvm.dll+0x2082a1]
V  [jvm.dll+0x6ef58f]
V  [jvm.dll+0x6e80b5]
V  [jvm.dll+0x5f1036]
C  [ucrtbase.dll+0x26c0c]
C  [KERNEL32.DLL+0x153e0]
C  [ntdll.dll+0x485b]


---------------  P R O C E S S  ---------------

Threads class SMR info:
_java_thread_list=0x000001bcfb8bd720, length=35, elements={
0x000001bcdc7fb000, 0x000001bcf5946000, 0x000001bcf5973800, 0x000001bcf5983000,
0x000001bcf5984000, 0x000001bcf5986800, 0x000001bcf598b800, 0x000001bcf598f000,
0x000001bcf5990000, 0x000001bcf6457000, 0x000001bcf80c2800, 0x000001bcf72fb800,
0x000001bcf70b8000, 0x000001bcf7c02000, 0x000001bcf6dd6800, 0x000001bcf7c1d000,
0x000001bcf8cc0000, 0x000001bcf827b800, 0x000001bcf7de9000, 0x000001bcf9437800,
0x000001bcf943a000, 0x000001bcf943b000, 0x000001bcf9435800, 0x000001bcf9439800,
0x000001bcf943c000, 0x000001bcf9436000, 0x000001bcf9437000, 0x000001bcf9438800,
0x000001bcfa09f000, 0x000001bcfa0a1800, 0x000001bcfa0a2800, 0x000001bcf8a9a800,
0x000001bcfbed8800, 0x000001bcfa0a3800, 0x000001bcfa0a4000
}

Java Threads: ( => current thread )
  0x000001bcdc7fb000 JavaThread "main" [_thread_blocked, id=8808, stack(0x00000034a9300000,0x00000034a9400000)]
  0x000001bcf5946000 JavaThread "Reference Handler" daemon [_thread_blocked, id=13032, stack(0x00000034a9a00000,0x00000034a9b00000)]
  0x000001bcf5973800 JavaThread "Finalizer" daemon [_thread_blocked, id=14164, stack(0x00000034a9b00000,0x00000034a9c00000)]
  0x000001bcf5983000 JavaThread "Signal Dispatcher" daemon [_thread_blocked, id=11352, stack(0x00000034a9c00000,0x00000034a9d00000)]
  0x000001bcf5984000 JavaThread "Attach Listener" daemon [_thread_blocked, id=14872, stack(0x00000034a9d00000,0x00000034a9e00000)]
  0x000001bcf5986800 JavaThread "Service Thread" daemon [_thread_blocked, id=6664, stack(0x00000034a9e00000,0x00000034a9f00000)]
=>0x000001bcf598b800 JavaThread "C2 CompilerThread0" daemon [_thread_in_native, id=11224, stack(0x00000034a9f00000,0x00000034aa000000)]
  0x000001bcf598f000 JavaThread "C1 CompilerThread0" daemon [_thread_in_native, id=12580, stack(0x00000034aa000000,0x00000034aa100000)]
  0x000001bcf5990000 JavaThread "Sweeper thread" daemon [_thread_blocked, id=5264, stack(0x00000034aa100000,0x00000034aa200000)]
  0x000001bcf6457000 JavaThread "Common-Cleaner" daemon [_thread_blocked, id=5660, stack(0x00000034aa200000,0x00000034aa300000)]
  0x000001bcf80c2800 JavaThread "Daemon health stats" [_thread_blocked, id=9308, stack(0x00000034aa700000,0x00000034aa800000)]
  0x000001bcf72fb800 JavaThread "Incoming local TCP Connector on port 5375" [_thread_in_native, id=3048, stack(0x00000034aa600000,0x00000034aa700000)]
  0x000001bcf70b8000 JavaThread "Daemon periodic checks" [_thread_blocked, id=3656, stack(0x00000034aa800000,0x00000034aa900000)]
  0x000001bcf7c02000 JavaThread "Daemon" [_thread_blocked, id=15212, stack(0x00000034aa900000,0x00000034aaa00000)]
  0x000001bcf6dd6800 JavaThread "Handler for socket connection from /127.0.0.1:5375 to /127.0.0.1:5376" [_thread_in_native, id=11960, stack(0x00000034aaa00000,0x00000034aab00000)]
  0x000001bcf7c1d000 JavaThread "Cancel handler" [_thread_blocked, id=5256, stack(0x00000034aab00000,0x00000034aac00000)]
  0x000001bcf8cc0000 JavaThread "Daemon worker" [_thread_in_native, id=11436, stack(0x00000034aac00000,0x00000034aad00000)]
  0x000001bcf827b800 JavaThread "Asynchronous log dispatcher for DefaultDaemonConnection: socket connection from /127.0.0.1:5375 to /127.0.0.1:5376" [_thread_blocked, id=11736, stack(0x00000034aad00000,0x00000034aae00000)]
  0x000001bcf7de9000 JavaThread "Stdin handler" [_thread_blocked, id=6064, stack(0x00000034aae00000,0x00000034aaf00000)]
  0x000001bcf9437800 JavaThread "Daemon client event forwarder" [_thread_blocked, id=8592, stack(0x00000034aaf00000,0x00000034ab000000)]
  0x000001bcf943a000 JavaThread "Cache worker for journal cache (C:\Users\younies\.gradle\caches\journal-1)" [_thread_blocked, id=4668, stack(0x00000034ab500000,0x00000034ab600000)]
  0x000001bcf943b000 JavaThread "File lock request listener" [_thread_in_native, id=7300, stack(0x00000034ab600000,0x00000034ab700000)]
  0x000001bcf9435800 JavaThread "Cache worker for file hash cache (C:\Users\younies\.gradle\caches\7.5\fileHashes)" [_thread_blocked, id=3988, stack(0x00000034ab700000,0x00000034ab800000)]
  0x000001bcf9439800 JavaThread "File watcher server" daemon [_thread_in_native, id=4980, stack(0x00000034aba00000,0x00000034abb00000)]
  0x000001bcf943c000 JavaThread "File watcher consumer" daemon [_thread_blocked, id=12864, stack(0x00000034abb00000,0x00000034abc00000)]
  0x000001bcf9436000 JavaThread "Cache worker for checksums cache (E:\Career\my projects\kora_analysis\android\.gradle\7.5\checksums)" [_thread_blocked, id=2428, stack(0x00000034abc00000,0x00000034abd00000)]
  0x000001bcf9437000 JavaThread "Cache worker for cache directory md-rule (C:\Users\younies\.gradle\caches\7.5\md-rule)" [_thread_blocked, id=4692, stack(0x00000034abd00000,0x00000034abe00000)]
  0x000001bcf9438800 JavaThread "Cache worker for file content cache (C:\Users\younies\.gradle\caches\7.5\fileContent)" [_thread_blocked, id=11884, stack(0x00000034abe00000,0x00000034abf00000)]
  0x000001bcfa09f000 JavaThread "Cache worker for file hash cache (E:\Career\my projects\kora_analysis\android\.gradle\7.5\fileHashes)" [_thread_blocked, id=4296, stack(0x00000034abf00000,0x00000034ac000000)]
  0x000001bcfa0a1800 JavaThread "Cache worker for cache directory md-supplier (C:\Users\younies\.gradle\caches\7.5\md-supplier)" [_thread_blocked, id=8400, stack(0x00000034ac000000,0x00000034ac100000)]
  0x000001bcfa0a2800 JavaThread "Cache worker for execution history cache (C:\Users\younies\.gradle\caches\7.5\executionHistory)" [_thread_blocked, id=11776, stack(0x00000034ac100000,0x00000034ac200000)]
  0x000001bcf8a9a800 JavaThread "C2 CompilerThread1" daemon [_thread_in_native, id=8596, stack(0x00000034ab900000,0x00000034aba00000)]
  0x000001bcfbed8800 JavaThread "C2 CompilerThread2" daemon [_thread_in_native, id=5572, stack(0x00000034ac200000,0x00000034ac300000)]
  0x000001bcfa0a3800 JavaThread "jar transforms" [_thread_blocked, id=6760, stack(0x00000034ac300000,0x00000034ac400000)]
  0x000001bcfa0a4000 JavaThread "jar transforms Thread 2" [_thread_blocked, id=13904, stack(0x00000034ac400000,0x00000034ac500000)]

Other Threads:
  0x000001bcf5943800 VMThread "VM Thread" [stack: 0x00000034a9900000,0x00000034a9a00000] [id=11500]
  0x000001bcf6485800 WatcherThread [stack: 0x00000034aa300000,0x00000034aa400000] [id=500]
  0x000001bcdc810000 GCTaskThread "GC Thread#0" [stack: 0x00000034a9400000,0x00000034a9500000] [id=12804]
  0x000001bcf6f9a000 GCTaskThread "GC Thread#1" [stack: 0x00000034aa400000,0x00000034aa500000] [id=11360]
  0x000001bcf6d6a800 GCTaskThread "GC Thread#2" [stack: 0x00000034aa500000,0x00000034aa600000] [id=7152]
  0x000001bcf8584000 GCTaskThread "GC Thread#3" [stack: 0x00000034ab000000,0x00000034ab100000] [id=12620]
  0x000001bcf779b000 GCTaskThread "GC Thread#4" [stack: 0x00000034ab100000,0x00000034ab200000] [id=14760]
  0x000001bcf779b800 GCTaskThread "GC Thread#5" [stack: 0x00000034ab200000,0x00000034ab300000] [id=1648]
  0x000001bcf8c47000 GCTaskThread "GC Thread#6" [stack: 0x00000034ab300000,0x00000034ab400000] [id=6176]
  0x000001bcf8c48000 GCTaskThread "GC Thread#7" [stack: 0x00000034ab400000,0x00000034ab500000] [id=8736]
  0x000001bcdc835000 ConcurrentGCThread "G1 Main Marker" [stack: 0x00000034a9500000,0x00000034a9600000] [id=1032]
  0x000001bcdc836800 ConcurrentGCThread "G1 Conc#0" [stack: 0x00000034a9600000,0x00000034a9700000] [id=6228]
  0x000001bcf8c42000 ConcurrentGCThread "G1 Conc#1" [stack: 0x00000034ab800000,0x00000034ab900000] [id=9380]
  0x000001bcdc8ca000 ConcurrentGCThread "G1 Refine#0" [stack: 0x00000034a9700000,0x00000034a9800000] [id=14092]
  0x000001bcdc8cb000 ConcurrentGCThread "G1 Young RemSet Sampling" [stack: 0x00000034a9800000,0x00000034a9900000] [id=6312]

Threads with active compile tasks:
C2 CompilerThread0   4964 3285       4       java.net.URLClassLoader$1::run (5 bytes)
C1 CompilerThread0   4965 3489       3       java.beans.Introspector::addPropertyDescriptor (265 bytes)
C2 CompilerThread1   4965 3457       4       org.codehaus.groovy.reflection.CachedMethod::compareToCachedMethod (160 bytes)
C2 CompilerThread2   4965 3416   !   4       jdk.internal.loader.URLClassPath$JarLoader::getResource (353 bytes)

VM state:not at safepoint (normal execution)

VM Mutex/Monitor currently owned by a thread: None

Heap address: 0x00000000a0000000, size: 1536 MB, Compressed Oops mode: 32-bit
Narrow klass base: 0x0000000000000000, Narrow klass shift: 3
Compressed class space size: 1073741824 Address: 0x0000000100000000

Heap:
 garbage-first heap   total 129024K, used 70132K [0x00000000a0000000, 0x0000000100000000)
  region size 1024K, 53 young (54272K), 7 survivors (7168K)
 Metaspace       used 39657K, capacity 40551K, committed 40832K, reserved 1085440K
  class space    used 5065K, capacity 5425K, committed 5504K, reserved 1048576K
Heap Regions: E=young(eden), S=young(survivor), O=old, HS=humongous(starts), HC=humongous(continues), CS=collection set, F=free, A=archive, TAMS=top-at-mark-start (previous, next)
|   0|0x00000000a0000000, 0x00000000a0100000, 0x00000000a0100000|100%| O|  |TAMS 0x00000000a0100000, 0x00000000a0000000| Untracked 
|   1|0x00000000a0100000, 0x00000000a0200000, 0x00000000a0200000|100%| O|  |TAMS 0x00000000a0200000, 0x00000000a0100000| Untracked 
|   2|0x00000000a0200000, 0x00000000a0300000, 0x00000000a0300000|100%| O|  |TAMS 0x00000000a0300000, 0x00000000a0200000| Untracked 
|   3|0x00000000a0300000, 0x00000000a0400000, 0x00000000a0400000|100%|HS|  |TAMS 0x00000000a0400000, 0x00000000a0300000| Complete 
|   4|0x00000000a0400000, 0x00000000a0500000, 0x00000000a0500000|100%|HC|  |TAMS 0x00000000a0500000, 0x00000000a0400000| Complete 
|   5|0x00000000a0500000, 0x00000000a0600000, 0x00000000a0600000|100%|HC|  |TAMS 0x00000000a0600000, 0x00000000a0500000| Complete 
|   6|0x00000000a0600000, 0x00000000a0700000, 0x00000000a0700000|100%| O|  |TAMS 0x00000000a0700000, 0x00000000a0600000| Untracked 
|   7|0x00000000a0700000, 0x00000000a0800000, 0x00000000a0800000|100%| O|  |TAMS 0x00000000a0800000, 0x00000000a0700000| Untracked 
|   8|0x00000000a0800000, 0x00000000a0900000, 0x00000000a0900000|100%| O|  |TAMS 0x00000000a0900000, 0x00000000a0800000| Untracked 
|   9|0x00000000a0900000, 0x00000000a0a00000, 0x00000000a0a00000|100%| O|  |TAMS 0x00000000a0a00000, 0x00000000a0900000| Untracked 
|  10|0x00000000a0a00000, 0x00000000a0b00000, 0x00000000a0b00000|100%| O|  |TAMS 0x00000000a0b00000, 0x00000000a0a00000| Untracked 
|  11|0x00000000a0b00000, 0x00000000a0c00000, 0x00000000a0c00000|100%| O|  |TAMS 0x00000000a0c00000, 0x00000000a0b00000| Untracked 
|  12|0x00000000a0c00000, 0x00000000a0d00000, 0x00000000a0d00000|100%| O|  |TAMS 0x00000000a0d00000, 0x00000000a0c00000| Untracked 
|  13|0x00000000a0d00000, 0x00000000a0e00000, 0x00000000a0e00000|100%| O|  |TAMS 0x00000000a0e00000, 0x00000000a0d00000| Untracked 
|  14|0x00000000a0e00000, 0x00000000a0f00000, 0x00000000a0f00000|100%| O|  |TAMS 0x00000000a0f00000, 0x00000000a0e00000| Untracked 
|  15|0x00000000a0f00000, 0x00000000a0f33a00, 0x00000000a1000000| 20%| O|  |TAMS 0x00000000a0f33a00, 0x00000000a0f00000| Untracked 
|  16|0x00000000a1000000, 0x00000000a1100000, 0x00000000a1100000|100%|HS|  |TAMS 0x00000000a1000000, 0x00000000a1000000| Complete 
|  17|0x00000000a1100000, 0x00000000a1200000, 0x00000000a1200000|100%|HS|  |TAMS 0x00000000a1100000, 0x00000000a1100000| Complete 
|  18|0x00000000a1200000, 0x00000000a1300000, 0x00000000a1300000|100%|HC|  |TAMS 0x00000000a1200000, 0x00000000a1200000| Complete 
|  19|0x00000000a1300000, 0x00000000a1300000, 0x00000000a1400000|  0%| F|  |TAMS 0x00000000a1300000, 0x00000000a1300000| Untracked 
|  20|0x00000000a1400000, 0x00000000a1400000, 0x00000000a1500000|  0%| F|  |TAMS 0x00000000a1400000, 0x00000000a1400000| Untracked 
|  21|0x00000000a1500000, 0x00000000a1500000, 0x00000000a1600000|  0%| F|  |TAMS 0x00000000a1500000, 0x00000000a1500000| Untracked 
|  22|0x00000000a1600000, 0x00000000a1600000, 0x00000000a1700000|  0%| F|  |TAMS 0x00000000a1600000, 0x00000000a1600000| Untracked 
|  23|0x00000000a1700000, 0x00000000a1700000, 0x00000000a1800000|  0%| F|  |TAMS 0x00000000a1700000, 0x00000000a1700000| Untracked 
|  24|0x00000000a1800000, 0x00000000a1800000, 0x00000000a1900000|  0%| F|  |TAMS 0x00000000a1800000, 0x00000000a1800000| Untracked 
|  25|0x00000000a1900000, 0x00000000a1900000, 0x00000000a1a00000|  0%| F|  |TAMS 0x00000000a1900000, 0x00000000a1900000| Untracked 
|  26|0x00000000a1a00000, 0x00000000a1a00000, 0x00000000a1b00000|  0%| F|  |TAMS 0x00000000a1a00000, 0x00000000a1a00000| Untracked 
|  27|0x00000000a1b00000, 0x00000000a1b00000, 0x00000000a1c00000|  0%| F|  |TAMS 0x00000000a1b00000, 0x00000000a1b00000| Untracked 
|  28|0x00000000a1c00000, 0x00000000a1c00000, 0x00000000a1d00000|  0%| F|  |TAMS 0x00000000a1c00000, 0x00000000a1c00000| Untracked 
|  29|0x00000000a1d00000, 0x00000000a1d00000, 0x00000000a1e00000|  0%| F|  |TAMS 0x00000000a1d00000, 0x00000000a1d00000| Untracked 
|  30|0x00000000a1e00000, 0x00000000a1e00000, 0x00000000a1f00000|  0%| F|  |TAMS 0x00000000a1e00000, 0x00000000a1e00000| Untracked 
|  31|0x00000000a1f00000, 0x00000000a1f00000, 0x00000000a2000000|  0%| F|  |TAMS 0x00000000a1f00000, 0x00000000a1f00000| Untracked 
|  32|0x00000000a2000000, 0x00000000a2000000, 0x00000000a2100000|  0%| F|  |TAMS 0x00000000a2000000, 0x00000000a2000000| Untracked 
|  33|0x00000000a2100000, 0x00000000a2100000, 0x00000000a2200000|  0%| F|  |TAMS 0x00000000a2100000, 0x00000000a2100000| Untracked 
|  34|0x00000000a2200000, 0x00000000a2200000, 0x00000000a2300000|  0%| F|  |TAMS 0x00000000a2200000, 0x00000000a2200000| Untracked 
|  35|0x00000000a2300000, 0x00000000a2300000, 0x00000000a2400000|  0%| F|  |TAMS 0x00000000a2300000, 0x00000000a2300000| Untracked 
|  36|0x00000000a2400000, 0x00000000a2400000, 0x00000000a2500000|  0%| F|  |TAMS 0x00000000a2400000, 0x00000000a2400000| Untracked 
|  37|0x00000000a2500000, 0x00000000a2500000, 0x00000000a2600000|  0%| F|  |TAMS 0x00000000a2500000, 0x00000000a2500000| Untracked 
|  38|0x00000000a2600000, 0x00000000a2600000, 0x00000000a2700000|  0%| F|  |TAMS 0x00000000a2600000, 0x00000000a2600000| Untracked 
|  39|0x00000000a2700000, 0x00000000a2700000, 0x00000000a2800000|  0%| F|  |TAMS 0x00000000a2700000, 0x00000000a2700000| Untracked 
|  40|0x00000000a2800000, 0x00000000a2800000, 0x00000000a2900000|  0%| F|  |TAMS 0x00000000a2800000, 0x00000000a2800000| Untracked 
|  41|0x00000000a2900000, 0x00000000a2900000, 0x00000000a2a00000|  0%| F|  |TAMS 0x00000000a2900000, 0x00000000a2900000| Untracked 
|  42|0x00000000a2a00000, 0x00000000a2a00000, 0x00000000a2b00000|  0%| F|  |TAMS 0x00000000a2a00000, 0x00000000a2a00000| Untracked 
|  43|0x00000000a2b00000, 0x00000000a2b00000, 0x00000000a2c00000|  0%| F|  |TAMS 0x00000000a2b00000, 0x00000000a2b00000| Untracked 
|  44|0x00000000a2c00000, 0x00000000a2c00000, 0x00000000a2d00000|  0%| F|  |TAMS 0x00000000a2c00000, 0x00000000a2c00000| Untracked 
|  45|0x00000000a2d00000, 0x00000000a2d00000, 0x00000000a2e00000|  0%| F|  |TAMS 0x00000000a2d00000, 0x00000000a2d00000| Untracked 
|  46|0x00000000a2e00000, 0x00000000a2e00000, 0x00000000a2f00000|  0%| F|  |TAMS 0x00000000a2e00000, 0x00000000a2e00000| Untracked 
|  47|0x00000000a2f00000, 0x00000000a2f00000, 0x00000000a3000000|  0%| F|  |TAMS 0x00000000a2f00000, 0x00000000a2f00000| Untracked 
|  48|0x00000000a3000000, 0x00000000a3000000, 0x00000000a3100000|  0%| F|  |TAMS 0x00000000a3000000, 0x00000000a3000000| Untracked 
|  49|0x00000000a3100000, 0x00000000a3100000, 0x00000000a3200000|  0%| F|  |TAMS 0x00000000a3100000, 0x00000000a3100000| Untracked 
|  50|0x00000000a3200000, 0x00000000a3200000, 0x00000000a3300000|  0%| F|  |TAMS 0x00000000a3200000, 0x00000000a3200000| Untracked 
|  51|0x00000000a3300000, 0x00000000a3300000, 0x00000000a3400000|  0%| F|  |TAMS 0x00000000a3300000, 0x00000000a3300000| Untracked 
|  52|0x00000000a3400000, 0x00000000a3400000, 0x00000000a3500000|  0%| F|  |TAMS 0x00000000a3400000, 0x00000000a3400000| Untracked 
|  53|0x00000000a3500000, 0x00000000a3500000, 0x00000000a3600000|  0%| F|  |TAMS 0x00000000a3500000, 0x00000000a3500000| Untracked 
|  54|0x00000000a3600000, 0x00000000a3600000, 0x00000000a3700000|  0%| F|  |TAMS 0x00000000a3600000, 0x00000000a3600000| Untracked 
|  55|0x00000000a3700000, 0x00000000a3700000, 0x00000000a3800000|  0%| F|  |TAMS 0x00000000a3700000, 0x00000000a3700000| Untracked 
|  56|0x00000000a3800000, 0x00000000a3800000, 0x00000000a3900000|  0%| F|  |TAMS 0x00000000a3800000, 0x00000000a3800000| Untracked 
|  57|0x00000000a3900000, 0x00000000a3900000, 0x00000000a3a00000|  0%| F|  |TAMS 0x00000000a3900000, 0x00000000a3900000| Untracked 
|  58|0x00000000a3a00000, 0x00000000a3a00000, 0x00000000a3b00000|  0%| F|  |TAMS 0x00000000a3a00000, 0x00000000a3a00000| Untracked 
|  59|0x00000000a3b00000, 0x00000000a3b49950, 0x00000000a3c00000| 28%| S|CS|TAMS 0x00000000a3b00000, 0x00000000a3b00000| Complete 
|  60|0x00000000a3c00000, 0x00000000a3d00000, 0x00000000a3d00000|100%| S|CS|TAMS 0x00000000a3c00000, 0x00000000a3c00000| Complete 
|  61|0x00000000a3d00000, 0x00000000a3d00000, 0x00000000a3e00000|  0%| F|  |TAMS 0x00000000a3d00000, 0x00000000a3d00000| Untracked 
|  62|0x00000000a3e00000, 0x00000000a3e00000, 0x00000000a3f00000|  0%| F|  |TAMS 0x00000000a3e00000, 0x00000000a3e00000| Untracked 
|  63|0x00000000a3f00000, 0x00000000a3f00000, 0x00000000a4000000|  0%| F|  |TAMS 0x00000000a3f00000, 0x00000000a3f00000| Untracked 
|  64|0x00000000a4000000, 0x00000000a4000000, 0x00000000a4100000|  0%| F|  |TAMS 0x00000000a4000000, 0x00000000a4000000| Untracked 
|  65|0x00000000a4100000, 0x00000000a4200000, 0x00000000a4200000|100%| S|CS|TAMS 0x00000000a4100000, 0x00000000a4100000| Complete 
|  66|0x00000000a4200000, 0x00000000a4300000, 0x00000000a4300000|100%| S|CS|TAMS 0x00000000a4200000, 0x00000000a4200000| Complete 
|  67|0x00000000a4300000, 0x00000000a4400000, 0x00000000a4400000|100%| S|CS|TAMS 0x00000000a4300000, 0x00000000a4300000| Complete 
|  68|0x00000000a4400000, 0x00000000a4500000, 0x00000000a4500000|100%| S|CS|TAMS 0x00000000a4400000, 0x00000000a4400000| Complete 
|  69|0x00000000a4500000, 0x00000000a4600000, 0x00000000a4600000|100%| S|CS|TAMS 0x00000000a4500000, 0x00000000a4500000| Complete 
|  70|0x00000000a4600000, 0x00000000a4600000, 0x00000000a4700000|  0%| F|  |TAMS 0x00000000a4600000, 0x00000000a4600000| Untracked 
|  71|0x00000000a4700000, 0x00000000a4700000, 0x00000000a4800000|  0%| F|  |TAMS 0x00000000a4700000, 0x00000000a4700000| Untracked 
|  72|0x00000000a4800000, 0x00000000a4800000, 0x00000000a4900000|  0%| F|  |TAMS 0x00000000a4800000, 0x00000000a4800000| Untracked 
|  73|0x00000000a4900000, 0x00000000a4900000, 0x00000000a4a00000|  0%| F|  |TAMS 0x00000000a4900000, 0x00000000a4900000| Untracked 
|  74|0x00000000a4a00000, 0x00000000a4a00000, 0x00000000a4b00000|  0%| F|  |TAMS 0x00000000a4a00000, 0x00000000a4a00000| Untracked 
|  75|0x00000000a4b00000, 0x00000000a4b00000, 0x00000000a4c00000|  0%| F|  |TAMS 0x00000000a4b00000, 0x00000000a4b00000| Untracked 
|  76|0x00000000a4c00000, 0x00000000a4c00000, 0x00000000a4d00000|  0%| F|  |TAMS 0x00000000a4c00000, 0x00000000a4c00000| Untracked 
|  77|0x00000000a4d00000, 0x00000000a4d00000, 0x00000000a4e00000|  0%| F|  |TAMS 0x00000000a4d00000, 0x00000000a4d00000| Untracked 
|  78|0x00000000a4e00000, 0x00000000a4e00000, 0x00000000a4f00000|  0%| F|  |TAMS 0x00000000a4e00000, 0x00000000a4e00000| Untracked 
|  79|0x00000000a4f00000, 0x00000000a4f00000, 0x00000000a5000000|  0%| F|  |TAMS 0x00000000a4f00000, 0x00000000a4f00000| Untracked 
|  80|0x00000000a5000000, 0x00000000a5100000, 0x00000000a5100000|100%| E|  |TAMS 0x00000000a5000000, 0x00000000a5000000| Complete 
|  81|0x00000000a5100000, 0x00000000a5200000, 0x00000000a5200000|100%| E|CS|TAMS 0x00000000a5100000, 0x00000000a5100000| Complete 
|  82|0x00000000a5200000, 0x00000000a5300000, 0x00000000a5300000|100%| E|CS|TAMS 0x00000000a5200000, 0x00000000a5200000| Complete 
|  83|0x00000000a5300000, 0x00000000a5400000, 0x00000000a5400000|100%| E|CS|TAMS 0x00000000a5300000, 0x00000000a5300000| Complete 
|  84|0x00000000a5400000, 0x00000000a5500000, 0x00000000a5500000|100%| E|CS|TAMS 0x00000000a5400000, 0x00000000a5400000| Complete 
|  85|0x00000000a5500000, 0x00000000a5600000, 0x00000000a5600000|100%| E|CS|TAMS 0x00000000a5500000, 0x00000000a5500000| Complete 
|  86|0x00000000a5600000, 0x00000000a5700000, 0x00000000a5700000|100%| E|  |TAMS 0x00000000a5600000, 0x00000000a5600000| Complete 
|  87|0x00000000a5700000, 0x00000000a5800000, 0x00000000a5800000|100%| E|CS|TAMS 0x00000000a5700000, 0x00000000a5700000| Complete 
|  88|0x00000000a5800000, 0x00000000a5900000, 0x00000000a5900000|100%| E|CS|TAMS 0x00000000a5800000, 0x00000000a5800000| Complete 
|  89|0x00000000a5900000, 0x00000000a5a00000, 0x00000000a5a00000|100%| E|CS|TAMS 0x00000000a5900000, 0x00000000a5900000| Complete 
|  90|0x00000000a5a00000, 0x00000000a5b00000, 0x00000000a5b00000|100%| E|CS|TAMS 0x00000000a5a00000, 0x00000000a5a00000| Complete 
|  91|0x00000000a5b00000, 0x00000000a5c00000, 0x00000000a5c00000|100%| E|CS|TAMS 0x00000000a5b00000, 0x00000000a5b00000| Complete 
|  92|0x00000000a5c00000, 0x00000000a5d00000, 0x00000000a5d00000|100%| E|CS|TAMS 0x00000000a5c00000, 0x00000000a5c00000| Complete 
|  93|0x00000000a5d00000, 0x00000000a5e00000, 0x00000000a5e00000|100%| E|CS|TAMS 0x00000000a5d00000, 0x00000000a5d00000| Complete 
|  94|0x00000000a5e00000, 0x00000000a5f00000, 0x00000000a5f00000|100%| E|CS|TAMS 0x00000000a5e00000, 0x00000000a5e00000| Complete 
|  95|0x00000000a5f00000, 0x00000000a6000000, 0x00000000a6000000|100%| E|CS|TAMS 0x00000000a5f00000, 0x00000000a5f00000| Complete 
|  96|0x00000000a6000000, 0x00000000a6100000, 0x00000000a6100000|100%| E|CS|TAMS 0x00000000a6000000, 0x00000000a6000000| Complete 
|  97|0x00000000a6100000, 0x00000000a6200000, 0x00000000a6200000|100%| E|CS|TAMS 0x00000000a6100000, 0x00000000a6100000| Complete 
|  98|0x00000000a6200000, 0x00000000a6300000, 0x00000000a6300000|100%| E|CS|TAMS 0x00000000a6200000, 0x00000000a6200000| Complete 
|  99|0x00000000a6300000, 0x00000000a6400000, 0x00000000a6400000|100%| E|CS|TAMS 0x00000000a6300000, 0x00000000a6300000| Complete 
| 100|0x00000000a6400000, 0x00000000a6500000, 0x00000000a6500000|100%| E|CS|TAMS 0x00000000a6400000, 0x00000000a6400000| Complete 
| 101|0x00000000a6500000, 0x00000000a6600000, 0x00000000a6600000|100%| E|CS|TAMS 0x00000000a6500000, 0x00000000a6500000| Complete 
| 102|0x00000000a6600000, 0x00000000a6700000, 0x00000000a6700000|100%| E|CS|TAMS 0x00000000a6600000, 0x00000000a6600000| Complete 
| 103|0x00000000a6700000, 0x00000000a6800000, 0x00000000a6800000|100%| E|CS|TAMS 0x00000000a6700000, 0x00000000a6700000| Complete 
| 104|0x00000000a6800000, 0x00000000a6900000, 0x00000000a6900000|100%| E|CS|TAMS 0x00000000a6800000, 0x00000000a6800000| Complete 
| 105|0x00000000a6900000, 0x00000000a6a00000, 0x00000000a6a00000|100%| E|CS|TAMS 0x00000000a6900000, 0x00000000a6900000| Complete 
| 106|0x00000000a6a00000, 0x00000000a6b00000, 0x00000000a6b00000|100%| E|CS|TAMS 0x00000000a6a00000, 0x00000000a6a00000| Complete 
| 107|0x00000000a6b00000, 0x00000000a6c00000, 0x00000000a6c00000|100%| E|CS|TAMS 0x00000000a6b00000, 0x00000000a6b00000| Complete 
| 108|0x00000000a6c00000, 0x00000000a6d00000, 0x00000000a6d00000|100%| E|CS|TAMS 0x00000000a6c00000, 0x00000000a6c00000| Complete 
| 109|0x00000000a6d00000, 0x00000000a6e00000, 0x00000000a6e00000|100%| E|CS|TAMS 0x00000000a6d00000, 0x00000000a6d00000| Complete 
| 110|0x00000000a6e00000, 0x00000000a6f00000, 0x00000000a6f00000|100%| E|CS|TAMS 0x00000000a6e00000, 0x00000000a6e00000| Complete 
| 111|0x00000000a6f00000, 0x00000000a7000000, 0x00000000a7000000|100%| E|CS|TAMS 0x00000000a6f00000, 0x00000000a6f00000| Complete 
| 112|0x00000000a7000000, 0x00000000a7100000, 0x00000000a7100000|100%| E|CS|TAMS 0x00000000a7000000, 0x00000000a7000000| Complete 
| 113|0x00000000a7100000, 0x00000000a7200000, 0x00000000a7200000|100%| E|CS|TAMS 0x00000000a7100000, 0x00000000a7100000| Complete 
| 114|0x00000000a7200000, 0x00000000a7300000, 0x00000000a7300000|100%| E|CS|TAMS 0x00000000a7200000, 0x00000000a7200000| Complete 
| 115|0x00000000a7300000, 0x00000000a7400000, 0x00000000a7400000|100%| E|CS|TAMS 0x00000000a7300000, 0x00000000a7300000| Complete 
| 116|0x00000000a7400000, 0x00000000a7500000, 0x00000000a7500000|100%| E|CS|TAMS 0x00000000a7400000, 0x00000000a7400000| Complete 
| 117|0x00000000a7500000, 0x00000000a7600000, 0x00000000a7600000|100%| E|CS|TAMS 0x00000000a7500000, 0x00000000a7500000| Complete 
| 118|0x00000000a7600000, 0x00000000a7700000, 0x00000000a7700000|100%| E|CS|TAMS 0x00000000a7600000, 0x00000000a7600000| Complete 
| 119|0x00000000a7700000, 0x00000000a7800000, 0x00000000a7800000|100%| E|CS|TAMS 0x00000000a7700000, 0x00000000a7700000| Complete 
| 120|0x00000000a7800000, 0x00000000a7900000, 0x00000000a7900000|100%| E|CS|TAMS 0x00000000a7800000, 0x00000000a7800000| Complete 
| 121|0x00000000a7900000, 0x00000000a7a00000, 0x00000000a7a00000|100%| E|CS|TAMS 0x00000000a7900000, 0x00000000a7900000| Complete 
| 122|0x00000000a7a00000, 0x00000000a7b00000, 0x00000000a7b00000|100%| E|CS|TAMS 0x00000000a7a00000, 0x00000000a7a00000| Complete 
| 123|0x00000000a7b00000, 0x00000000a7c00000, 0x00000000a7c00000|100%| E|CS|TAMS 0x00000000a7b00000, 0x00000000a7b00000| Complete 
| 124|0x00000000a7c00000, 0x00000000a7d00000, 0x00000000a7d00000|100%| E|CS|TAMS 0x00000000a7c00000, 0x00000000a7c00000| Complete 
| 125|0x00000000a7d00000, 0x00000000a7e00000, 0x00000000a7e00000|100%| E|CS|TAMS 0x00000000a7d00000, 0x00000000a7d00000| Complete 

Card table byte_map: [0x000001bcef920000,0x000001bcefc20000] _byte_map_base: 0x000001bcef420000

Marking Bits (Prev, Next): (CMBitMap*) 0x000001bcdc82e308, (CMBitMap*) 0x000001bcdc82e340
 Prev Bits: [0x000001bceff20000, 0x000001bcf1720000)
 Next Bits: [0x000001bcf1720000, 0x000001bcf2f20000)

Polling page: 0x000001bcdbfd0000

Metaspace:

Usage:
  Non-class:     34.37 MB capacity,    33.80 MB ( 98%) used,   478.41 KB (  1%) free+waste,    95.44 KB ( <1%) overhead. 
      Class:      5.30 MB capacity,     4.95 MB ( 93%) used,   310.73 KB (  6%) free+waste,    46.25 KB ( <1%) overhead. 
       Both:     39.66 MB capacity,    38.76 MB ( 98%) used,   789.13 KB (  2%) free+waste,   141.69 KB ( <1%) overhead. 

Virtual space:
  Non-class space:       36.00 MB reserved,      34.50 MB ( 96%) committed 
      Class space:        1.00 GB reserved,       5.38 MB ( <1%) committed 
             Both:        1.04 GB reserved,      39.88 MB (  4%) committed 

Chunk freelists:
   Non-Class:  8.00 KB
       Class:  14.00 KB
        Both:  22.00 KB

MaxMetaspaceSize: 17179869184.00 GB
CompressedClassSpaceSize: 1.00 GB

CodeHeap 'non-profiled nmethods': size=120000Kb used=1871Kb max_used=1871Kb free=118128Kb
 bounds [0x000001bce7dc0000, 0x000001bce8030000, 0x000001bcef2f0000]
CodeHeap 'profiled nmethods': size=120000Kb used=7239Kb max_used=7239Kb free=112761Kb
 bounds [0x000001bce0890000, 0x000001bce0fb0000, 0x000001bce7dc0000]
CodeHeap 'non-nmethods': size=5760Kb used=2199Kb max_used=2251Kb free=3560Kb
 bounds [0x000001bce02f0000, 0x000001bce0560000, 0x000001bce0890000]
 total_blobs=4244 nmethods=3478 adapters=676
 compilation: enabled
              stopped_count=0, restarted_count=0
 full_count=0

Compilation events (20 events):
Event: 4.865 Thread 0x000001bcf598f000 3395  s!   3       java.beans.PropertyDescriptor::getWriteMethod (152 bytes)
Event: 4.867 Thread 0x000001bcf598f000 nmethod 3395 0x000001bce0f6b990 code [0x000001bce0f6bd20, 0x000001bce0f6dba8]
Event: 4.867 Thread 0x000001bcf598f000 3398       3       org.codehaus.groovy.util.SingleKeyHashMap::get (67 bytes)
Event: 4.867 Thread 0x000001bcf598f000 nmethod 3398 0x000001bce0f6e410 code [0x000001bce0f6e620, 0x000001bce0f6ec98]
Event: 4.867 Thread 0x000001bcf598f000 3396       3       groovy.lang.MetaProperty::<init> (15 bytes)
Event: 4.867 Thread 0x000001bcf598f000 nmethod 3396 0x000001bce0f6ef10 code [0x000001bce0f6f0c0, 0x000001bce0f6f2d8]
Event: 4.867 Thread 0x000001bcf598f000 3399       3       org.codehaus.groovy.util.SingleKeyHashMap::put (10 bytes)
Event: 4.867 Thread 0x000001bcf598f000 nmethod 3399 0x000001bce0f6f390 code [0x000001bce0f6f560, 0x000001bce0f6f768]
Event: 4.867 Thread 0x000001bcf598f000 3402       3       groovy.lang.MetaClassImpl::getPropName (19 bytes)
Event: 4.868 Thread 0x000001bcf598f000 nmethod 3402 0x000001bce0f6f890 code [0x000001bce0f6faa0, 0x000001bce0f70108]
Event: 4.868 Thread 0x000001bcf598f000 3401       1       org.codehaus.groovy.reflection.GeneratedMetaMethod::getReturnType (5 bytes)
Event: 4.868 Thread 0x000001bcf598f000 nmethod 3401 0x000001bce7f7c990 code [0x000001bce7f7cb40, 0x000001bce7f7cbf8]
Event: 4.868 Thread 0x000001bcf598f000 3403       1       groovy.lang.MetaBeanProperty::getSetter (5 bytes)
Event: 4.868 Thread 0x000001bcf598f000 nmethod 3403 0x000001bce7f7cc90 code [0x000001bce7f7ce40, 0x000001bce7f7cef8]
Event: 4.868 Thread 0x000001bcf598f000 3404       1       org.codehaus.groovy.util.SingleKeyHashMap$Entry::getKey (5 bytes)
Event: 4.868 Thread 0x000001bcf598f000 nmethod 3404 0x000001bce7f7cf90 code [0x000001bce7f7d140, 0x000001bce7f7d1f8]
Event: 4.886 Thread 0x000001bcfbed8800 nmethod 3325 0x000001bce7f7d290 code [0x000001bce7f7d520, 0x000001bce7f7fbb8]
Event: 4.886 Thread 0x000001bcfbed8800 3369       4       java.util.Arrays::copyOf (40 bytes)
Event: 4.890 Thread 0x000001bcfbed8800 nmethod 3369 0x000001bce7f81890 code [0x000001bce7f81a40, 0x000001bce7f81e78]
Event: 4.890 Thread 0x000001bcfbed8800 3349       4       java.util.stream.AbstractPipeline::wrapSink (37 bytes)

GC Heap History (10 events):
Event: 0.739 GC heap before
{Heap before GC invocations=0 (full 0):
 garbage-first heap   total 129024K, used 29696K [0x00000000a0000000, 0x0000000100000000)
  region size 1024K, 24 young (24576K), 0 survivors (0K)
 Metaspace       used 9735K, capacity 9896K, committed 10112K, reserved 1058816K
  class space    used 1011K, capacity 1069K, committed 1152K, reserved 1048576K
}
Event: 0.744 GC heap after
{Heap after GC invocations=1 (full 0):
 garbage-first heap   total 129024K, used 9265K [0x00000000a0000000, 0x0000000100000000)
  region size 1024K, 3 young (3072K), 3 survivors (3072K)
 Metaspace       used 9735K, capacity 9896K, committed 10112K, reserved 1058816K
  class space    used 1011K, capacity 1069K, committed 1152K, reserved 1048576K
}
Event: 2.252 GC heap before
{Heap before GC invocations=1 (full 0):
 garbage-first heap   total 129024K, used 82993K [0x00000000a0000000, 0x0000000100000000)
  region size 1024K, 75 young (76800K), 3 survivors (3072K)
 Metaspace       used 17298K, capacity 17693K, committed 17792K, reserved 1064960K
  class space    used 2011K, capacity 2135K, committed 2176K, reserved 1048576K
}
Event: 2.266 GC heap after
{Heap after GC invocations=2 (full 0):
 garbage-first heap   total 129024K, used 15816K [0x00000000a0000000, 0x0000000100000000)
  region size 1024K, 10 young (10240K), 10 survivors (10240K)
 Metaspace       used 17298K, capacity 17693K, committed 17792K, reserved 1064960K
  class space    used 2011K, capacity 2135K, committed 2176K, reserved 1048576K
}
Event: 2.601 GC heap before
{Heap before GC invocations=2 (full 0):
 garbage-first heap   total 129024K, used 43464K [0x00000000a0000000, 0x0000000100000000)
  region size 1024K, 39 young (39936K), 10 survivors (10240K)
 Metaspace       used 20615K, capacity 21068K, committed 21248K, reserved 1067008K
  class space    used 2510K, capacity 2691K, committed 2816K, reserved 1048576K
}
Event: 2.608 GC heap after
{Heap after GC invocations=3 (full 0):
 garbage-first heap   total 129024K, used 17069K [0x00000000a0000000, 0x0000000100000000)
  region size 1024K, 2 young (2048K), 2 survivors (2048K)
 Metaspace       used 20615K, capacity 21068K, committed 21248K, reserved 1067008K
  class space    used 2510K, capacity 2691K, committed 2816K, reserved 1048576K
}
Event: 3.352 GC heap before
{Heap before GC invocations=4 (full 0):
 garbage-first heap   total 129024K, used 77485K [0x00000000a0000000, 0x0000000100000000)
  region size 1024K, 61 young (62464K), 2 survivors (2048K)
 Metaspace       used 27039K, capacity 27646K, committed 27904K, reserved 1073152K
  class space    used 3532K, capacity 3766K, committed 3840K, reserved 1048576K
}
Event: 3.355 GC heap after
{Heap after GC invocations=5 (full 0):
 garbage-first heap   total 129024K, used 19019K [0x00000000a0000000, 0x0000000100000000)
  region size 1024K, 4 young (4096K), 4 survivors (4096K)
 Metaspace       used 27039K, capacity 27646K, committed 27904K, reserved 1073152K
  class space    used 3532K, capacity 3766K, committed 3840K, reserved 1048576K
}
Event: 4.291 GC heap before
{Heap before GC invocations=5 (full 0):
 garbage-first heap   total 129024K, used 75339K [0x00000000a0000000, 0x0000000100000000)
  region size 1024K, 60 young (61440K), 4 survivors (4096K)
 Metaspace       used 34897K, capacity 35698K, committed 35840K, reserved 1081344K
  class space    used 4534K, capacity 4855K, committed 4864K, reserved 1048576K
}
Event: 4.298 GC heap after
{Heap after GC invocations=6 (full 0):
 garbage-first heap   total 129024K, used 22004K [0x00000000a0000000, 0x0000000100000000)
  region size 1024K, 7 young (7168K), 7 survivors (7168K)
 Metaspace       used 34897K, capacity 35698K, committed 35840K, reserved 1081344K
  class space    used 4534K, capacity 4855K, committed 4864K, reserved 1048576K
}

Deoptimization events (20 events):
Event: 4.820 Thread 0x000001bcf8cc0000 Uncommon trap: trap_request=0xffffff4d fr.pc=0x000001bce7f0d474 relative=0x0000000000000714
Event: 4.820 Thread 0x000001bcf8cc0000 Uncommon trap: reason=unstable_if action=reinterpret pc=0x000001bce7f0d474 method=java.lang.Class.getPackageName()Ljava/lang/String; @ 55 c2
Event: 4.820 Thread 0x000001bcf8cc0000 DEOPT PACKING pc=0x000001bce7f0d474 sp=0x00000034aacf8610
Event: 4.820 Thread 0x000001bcf8cc0000 DEOPT UNPACKING pc=0x000001bce031662f sp=0x00000034aacf85d0 mode 2
Event: 4.842 Thread 0x000001bcf8cc0000 Uncommon trap: trap_request=0xffffffbe fr.pc=0x000001bce7f4e688 relative=0x0000000000003ce8
Event: 4.842 Thread 0x000001bcf8cc0000 Uncommon trap: reason=profile_predicate action=maybe_recompile pc=0x000001bce7f4e688 method=java.util.AbstractCollection.addAll(Ljava/util/Collection;)Z @ 15 c2
Event: 4.842 Thread 0x000001bcf8cc0000 DEOPT PACKING pc=0x000001bce7f4e688 sp=0x00000034aacf9030
Event: 4.842 Thread 0x000001bcf8cc0000 DEOPT UNPACKING pc=0x000001bce031662f sp=0x00000034aacf9048 mode 2
Event: 4.861 Thread 0x000001bcf8cc0000 Uncommon trap: trap_request=0xffffffde fr.pc=0x000001bce7f74888 relative=0x0000000000000468
Event: 4.861 Thread 0x000001bcf8cc0000 Uncommon trap: reason=class_check action=maybe_recompile pc=0x000001bce7f74888 method=java.util.regex.Pattern$Start.match(Ljava/util/regex/Matcher;ILjava/lang/CharSequence;)Z @ 44 c2
Event: 4.861 Thread 0x000001bcf8cc0000 DEOPT PACKING pc=0x000001bce7f74888 sp=0x00000034aacf6e10
Event: 4.861 Thread 0x000001bcf8cc0000 DEOPT UNPACKING pc=0x000001bce031662f sp=0x00000034aacf6cd8 mode 2
Event: 4.861 Thread 0x000001bcf8cc0000 Uncommon trap: trap_request=0xffffffde fr.pc=0x000001bce7f74888 relative=0x0000000000000468
Event: 4.861 Thread 0x000001bcf8cc0000 Uncommon trap: reason=class_check action=maybe_recompile pc=0x000001bce7f74888 method=java.util.regex.Pattern$Start.match(Ljava/util/regex/Matcher;ILjava/lang/CharSequence;)Z @ 44 c2
Event: 4.861 Thread 0x000001bcf8cc0000 DEOPT PACKING pc=0x000001bce7f74888 sp=0x00000034aacf6e10
Event: 4.861 Thread 0x000001bcf8cc0000 DEOPT UNPACKING pc=0x000001bce031662f sp=0x00000034aacf6cd8 mode 2
Event: 4.865 Thread 0x000001bcf8cc0000 Uncommon trap: trap_request=0xffffffbe fr.pc=0x000001bce7f4e688 relative=0x0000000000003ce8
Event: 4.865 Thread 0x000001bcf8cc0000 Uncommon trap: reason=profile_predicate action=maybe_recompile pc=0x000001bce7f4e688 method=java.util.AbstractCollection.addAll(Ljava/util/Collection;)Z @ 15 c2
Event: 4.865 Thread 0x000001bcf8cc0000 DEOPT PACKING pc=0x000001bce7f4e688 sp=0x00000034aacf9030
Event: 4.865 Thread 0x000001bcf8cc0000 DEOPT UNPACKING pc=0x000001bce031662f sp=0x00000034aacf9048 mode 2

Classes redefined (0 events):
No events

Internal exceptions (20 events):
Event: 4.771 Thread 0x000001bcf8cc0000 Exception <a 'java/lang/NoSuchMethodError'{0x00000000a5d3a200}: 'int java.lang.invoke.DirectMethodHandle$Holder.invokeInterface(java.lang.Object, java.lang.Object)'> (0x00000000a5d3a200) thrown at [./src/hotspot/share/interpreter/linkResolver.cpp, line 773]
Event: 4.775 Thread 0x000001bcf8cc0000 Exception <a 'java/lang/NoSuchMethodError'{0x00000000a5d69718}: 'java.lang.Object java.lang.invoke.DirectMethodHandle$Holder.invokeStatic(java.lang.Object, java.lang.Object, int, java.lang.Object)'> (0x00000000a5d69718) thrown at [./src/hotspot/share/interpreter/linkResolver.cpp, line 773]
Event: 4.776 Thread 0x000001bcf8cc0000 Exception <a 'java/lang/NoSuchMethodError'{0x00000000a5d73a60}: 'java.lang.Object java.lang.invoke.Invokers$Holder.linkToTargetMethod(java.lang.Object, int, java.lang.Object, java.lang.Object)'> (0x00000000a5d73a60) thrown at [./src/hotspot/share/interpreter/linkResolver.cpp, line 773]
Event: 4.818 Thread 0x000001bcf8cc0000 Implicit null exception at 0x000001bce7e45ab7 to 0x000001bce7e46be2
Event: 4.841 Thread 0x000001bcf8cc0000 Exception <a 'java/lang/ClassNotFoundException'{0x00000000a5afab38}: groovy/lang/BindingBeanInfo> (0x00000000a5afab38) thrown at [./src/hotspot/share/classfile/systemDictionary.cpp, line 231]
Event: 4.841 Thread 0x000001bcf8cc0000 Exception <a 'java/lang/ClassNotFoundException'{0x00000000a591b598}: groovy/lang/BindingCustomizer> (0x00000000a591b598) thrown at [./src/hotspot/share/classfile/systemDictionary.cpp, line 231]
Event: 4.854 Thread 0x000001bcf8cc0000 Exception <a 'java/lang/ClassNotFoundException'{0x00000000a587a4b8}: settings_5wklh937bfgr2zyo97u4120qvBeanInfo> (0x00000000a587a4b8) thrown at [./src/hotspot/share/classfile/systemDictionary.cpp, line 231]
Event: 4.854 Thread 0x000001bcf8cc0000 Exception <a 'java/lang/ClassNotFoundException'{0x00000000a5890d18}: org/gradle/initialization/SettingsScriptBeanInfo> (0x00000000a5890d18) thrown at [./src/hotspot/share/classfile/systemDictionary.cpp, line 231]
Event: 4.855 Thread 0x000001bcf8cc0000 Exception <a 'java/lang/ClassNotFoundException'{0x00000000a58a8770}: org/gradle/plugin/use/internal/PluginsAwareScriptBeanInfo> (0x00000000a58a8770) thrown at [./src/hotspot/share/classfile/systemDictionary.cpp, line 231]
Event: 4.855 Thread 0x000001bcf8cc0000 Exception <a 'java/lang/ClassNotFoundException'{0x00000000a58bf078}: org/gradle/groovy/scripts/DefaultScriptBeanInfo> (0x00000000a58bf078) thrown at [./src/hotspot/share/classfile/systemDictionary.cpp, line 231]
Event: 4.856 Thread 0x000001bcf8cc0000 Exception <a 'java/lang/ClassNotFoundException'{0x00000000a58d57b8}: org/gradle/groovy/scripts/BasicScriptBeanInfo> (0x00000000a58d57b8) thrown at [./src/hotspot/share/classfile/systemDictionary.cpp, line 231]
Event: 4.856 Thread 0x000001bcf8cc0000 Exception <a 'java/lang/ClassNotFoundException'{0x00000000a58ead38}: org/gradle/groovy/scripts/ScriptBeanInfo> (0x00000000a58ead38) thrown at [./src/hotspot/share/classfile/systemDictionary.cpp, line 231]
Event: 4.857 Thread 0x000001bcf8cc0000 Exception <a 'java/lang/ClassNotFoundException'{0x00000000a570c160}: groovy/lang/ScriptBeanInfo> (0x00000000a570c160) thrown at [./src/hotspot/share/classfile/systemDictionary.cpp, line 231]
Event: 4.857 Thread 0x000001bcf8cc0000 Exception <a 'java/lang/ClassNotFoundException'{0x00000000a572d958}: groovy/lang/ScriptCustomizer> (0x00000000a572d958) thrown at [./src/hotspot/share/classfile/systemDictionary.cpp, line 231]
Event: 4.858 Thread 0x000001bcf8cc0000 Exception <a 'java/lang/ClassNotFoundException'{0x00000000a574b000}: org/gradle/groovy/scripts/ScriptCustomizer> (0x00000000a574b000) thrown at [./src/hotspot/share/classfile/systemDictionary.cpp, line 231]
Event: 4.859 Thread 0x000001bcf8cc0000 Exception <a 'java/lang/ClassNotFoundException'{0x00000000a5768378}: org/gradle/groovy/scripts/BasicScriptCustomizer> (0x00000000a5768378) thrown at [./src/hotspot/share/classfile/systemDictionary.cpp, line 231]
Event: 4.860 Thread 0x000001bcf8cc0000 Exception <a 'java/lang/ClassNotFoundException'{0x00000000a578b508}: org/gradle/groovy/scripts/DefaultScriptCustomizer> (0x00000000a578b508) thrown at [./src/hotspot/share/classfile/systemDictionary.cpp, line 231]
Event: 4.863 Thread 0x000001bcf8cc0000 Exception <a 'java/lang/ClassNotFoundException'{0x00000000a57be640}: org/gradle/plugin/use/internal/PluginsAwareScriptCustomizer> (0x00000000a57be640) thrown at [./src/hotspot/share/classfile/systemDictionary.cpp, line 231]
Event: 4.864 Thread 0x000001bcf8cc0000 Exception <a 'java/lang/ClassNotFoundException'{0x00000000a57dd5a0}: org/gradle/initialization/SettingsScriptCustomizer> (0x00000000a57dd5a0) thrown at [./src/hotspot/share/classfile/systemDictionary.cpp, line 231]
Event: 4.864 Thread 0x000001bcf8cc0000 Exception <a 'java/lang/ClassNotFoundException'{0x00000000a57f07f0}: settings_5wklh937bfgr2zyo97u4120qvCustomizer> (0x00000000a57f07f0) thrown at [./src/hotspot/share/classfile/systemDictionary.cpp, line 231]

Events (20 events):
Event: 4.869 loading class org/gradle/api/resources/TextResourceFactory
Event: 4.869 loading class org/gradle/api/resources/TextResourceFactory done
Event: 4.870 loading class org/gradle/api/internal/resources/ResourceResolver
Event: 4.870 loading class org/gradle/api/internal/resources/ResourceResolver done
Event: 4.870 loading class org/gradle/api/internal/resources/DefaultResourceResolver
Event: 4.870 loading class org/gradle/api/internal/resources/DefaultResourceResolver done
Event: 4.871 loading class org/gradle/api/internal/resources/DefaultTextResourceFactory
Event: 4.871 loading class org/gradle/api/internal/resources/DefaultTextResourceFactory done
Event: 4.871 loading class org/gradle/api/internal/resources/DefaultResourceHandler
Event: 4.871 loading class org/gradle/api/internal/resources/DefaultResourceHandler done
Event: 4.871 loading class org/gradle/api/internal/file/copy/FileCopier
Event: 4.871 loading class org/gradle/api/internal/file/copy/FileCopier done
Event: 4.872 loading class org/gradle/api/internal/file/copy/CopyAction
Event: 4.872 loading class org/gradle/api/internal/file/copy/CopyAction done
Event: 4.872 loading class org/gradle/api/internal/file/copy/CopySpecInternal
Event: 4.872 loading class org/gradle/api/internal/file/copy/CopySpecInternal done
Event: 4.872 loading class org/gradle/api/file/SyncSpec
Event: 4.872 loading class org/gradle/api/file/SyncSpec done
Event: 4.873 loading class org/codehaus/groovy/runtime/ArrayUtil
Event: 4.873 loading class org/codehaus/groovy/runtime/ArrayUtil done


Dynamic libraries:
0x00007ff6bec60000 - 0x00007ff6bec6a000 	E:\Dev Apps\Android Studio\jre\bin\java.exe
0x00007ffb1bdc0000 - 0x00007ffb1bfc9000 	C:\WINDOWS\SYSTEM32\ntdll.dll
0x00007ffb1ab70000 - 0x00007ffb1ac2d000 	C:\WINDOWS\System32\KERNEL32.DLL
0x00007ffb19250000 - 0x00007ffb195d4000 	C:\WINDOWS\System32\KERNELBASE.dll
0x00007ffb195e0000 - 0x00007ffb196f1000 	C:\WINDOWS\System32\ucrtbase.dll
0x00007ffaeb710000 - 0x00007ffaeb729000 	E:\Dev Apps\Android Studio\jre\bin\jli.dll
0x00007ffaeb460000 - 0x00007ffaeb477000 	E:\Dev Apps\Android Studio\jre\bin\VCRUNTIME140.dll
0x00007ffb1b380000 - 0x00007ffb1b52d000 	C:\WINDOWS\System32\USER32.dll
0x00007ffb19700000 - 0x00007ffb19726000 	C:\WINDOWS\System32\win32u.dll
0x00007ffafde20000 - 0x00007ffafe0c5000 	C:\WINDOWS\WinSxS\amd64_microsoft.windows.common-controls_6595b64144ccf1df_6.0.22000.120_none_9d947278b86cc467\COMCTL32.dll
0x00007ffb1bac0000 - 0x00007ffb1baea000 	C:\WINDOWS\System32\GDI32.dll
0x00007ffb1ac30000 - 0x00007ffb1acd3000 	C:\WINDOWS\System32\msvcrt.dll
0x00007ffb197d0000 - 0x00007ffb198ee000 	C:\WINDOWS\System32\gdi32full.dll
0x00007ffb19730000 - 0x00007ffb197cd000 	C:\WINDOWS\System32\msvcp_win.dll
0x00007ffb1a0d0000 - 0x00007ffb1a101000 	C:\WINDOWS\System32\IMM32.DLL
0x00007ffaea3f0000 - 0x00007ffaea48d000 	E:\Dev Apps\Android Studio\jre\bin\msvcp140.dll
0x00007ffab8530000 - 0x00007ffab9005000 	E:\Dev Apps\Android Studio\jre\bin\server\jvm.dll
0x00007ffb1aaa0000 - 0x00007ffb1ab4e000 	C:\WINDOWS\System32\ADVAPI32.dll
0x00007ffb1b2e0000 - 0x00007ffb1b37e000 	C:\WINDOWS\System32\sechost.dll
0x00007ffb19e10000 - 0x00007ffb19f31000 	C:\WINDOWS\System32\RPCRT4.dll
0x00007ffb1b2d0000 - 0x00007ffb1b2d8000 	C:\WINDOWS\System32\PSAPI.DLL
0x00007ffafe660000 - 0x00007ffafe669000 	C:\WINDOWS\SYSTEM32\WSOCK32.dll
0x00007ffb130f0000 - 0x00007ffb13123000 	C:\WINDOWS\SYSTEM32\WINMM.dll
0x00007ffb12e50000 - 0x00007ffb12e5a000 	C:\WINDOWS\SYSTEM32\VERSION.dll
0x00007ffb1bd10000 - 0x00007ffb1bd7f000 	C:\WINDOWS\System32\WS2_32.dll
0x00007ffb18280000 - 0x00007ffb18298000 	C:\WINDOWS\SYSTEM32\kernel.appcore.dll
0x00007ffaeb280000 - 0x00007ffaeb291000 	E:\Dev Apps\Android Studio\jre\bin\verify.dll
0x00007ffb16cf0000 - 0x00007ffb16f11000 	C:\WINDOWS\SYSTEM32\DBGHELP.DLL
0x00007ffadabc0000 - 0x00007ffadabf1000 	C:\WINDOWS\SYSTEM32\dbgcore.DLL
0x00007ffb19b90000 - 0x00007ffb19c0f000 	C:\WINDOWS\System32\bcryptPrimitives.dll
0x00007ffaea3c0000 - 0x00007ffaea3e9000 	E:\Dev Apps\Android Studio\jre\bin\java.dll
0x00007ffaf4110000 - 0x00007ffaf411b000 	E:\Dev Apps\Android Studio\jre\bin\jimage.dll
0x00007ffaea5a0000 - 0x00007ffaea5b8000 	E:\Dev Apps\Android Studio\jre\bin\zip.dll
0x00007ffb1a110000 - 0x00007ffb1a8d5000 	C:\WINDOWS\System32\SHELL32.dll
0x00007ffb172e0000 - 0x00007ffb17b42000 	C:\WINDOWS\SYSTEM32\windows.storage.dll
0x00007ffb1b740000 - 0x00007ffb1bab6000 	C:\WINDOWS\System32\combase.dll
0x00007ffb17170000 - 0x00007ffb172d7000 	C:\WINDOWS\SYSTEM32\wintypes.dll
0x00007ffb19f40000 - 0x00007ffb1a02a000 	C:\WINDOWS\System32\SHCORE.dll
0x00007ffb1b530000 - 0x00007ffb1b58d000 	C:\WINDOWS\System32\shlwapi.dll
0x00007ffb19180000 - 0x00007ffb191a5000 	C:\WINDOWS\SYSTEM32\profapi.dll
0x00007ffaea3a0000 - 0x00007ffaea3ba000 	E:\Dev Apps\Android Studio\jre\bin\net.dll
0x00007ffb12ac0000 - 0x00007ffb12bd4000 	C:\WINDOWS\SYSTEM32\WINHTTP.dll
0x00007ffb18790000 - 0x00007ffb187f7000 	C:\WINDOWS\system32\mswsock.dll
0x00007ffaea380000 - 0x00007ffaea394000 	E:\Dev Apps\Android Studio\jre\bin\nio.dll
0x00007ffac6580000 - 0x00007ffac65a7000 	C:\Users\younies\.gradle\native\e1d6ef7f7dcc3fd88c89a11ec53ec762bb8ba0a96d01ffa2cd45eb1d1d8dd5c5\windows-amd64\native-platform.dll
0x00007ffabc750000 - 0x00007ffabc894000 	C:\Users\younies\.gradle\native\0d407fdbe67a94daf76414ababcb853783967236a71b16ec16e742cd7a986fd3\windows-amd64\native-platform-file-events.dll
0x00007ffaf3080000 - 0x00007ffaf308a000 	E:\Dev Apps\Android Studio\jre\bin\management.dll
0x00007ffaf2a30000 - 0x00007ffaf2a3d000 	E:\Dev Apps\Android Studio\jre\bin\management_ext.dll
0x00007ffb18ae0000 - 0x00007ffb18af8000 	C:\WINDOWS\SYSTEM32\CRYPTSP.dll
0x00007ffb181e0000 - 0x00007ffb18215000 	C:\WINDOWS\system32\rsaenh.dll
0x00007ffb18860000 - 0x00007ffb1888c000 	C:\WINDOWS\SYSTEM32\USERENV.dll
0x00007ffb18c20000 - 0x00007ffb18c47000 	C:\WINDOWS\SYSTEM32\bcrypt.dll
0x00007ffb189b0000 - 0x00007ffb189bc000 	C:\WINDOWS\SYSTEM32\CRYPTBASE.dll
0x00007ffb17da0000 - 0x00007ffb17dcd000 	C:\WINDOWS\SYSTEM32\IPHLPAPI.DLL
0x00007ffb1a0c0000 - 0x00007ffb1a0c9000 	C:\WINDOWS\System32\NSI.dll
0x00007ffb12920000 - 0x00007ffb12939000 	C:\WINDOWS\SYSTEM32\dhcpcsvc6.DLL
0x00007ffb13760000 - 0x00007ffb1377e000 	C:\WINDOWS\SYSTEM32\dhcpcsvc.DLL
0x00007ffb17dd0000 - 0x00007ffb17eb7000 	C:\WINDOWS\SYSTEM32\DNSAPI.dll

dbghelp: loaded successfully - version: 4.0.5 - missing functions: none
symbol engine: initialized successfully - sym options: 0x614 - pdb path: .;E:\Dev Apps\Android Studio\jre\bin;C:\WINDOWS\SYSTEM32;C:\WINDOWS\WinSxS\amd64_microsoft.windows.common-controls_6595b64144ccf1df_6.0.22000.120_none_9d947278b86cc467;E:\Dev Apps\Android Studio\jre\bin\server;C:\Users\younies\.gradle\native\e1d6ef7f7dcc3fd88c89a11ec53ec762bb8ba0a96d01ffa2cd45eb1d1d8dd5c5\windows-amd64;C:\Users\younies\.gradle\native\0d407fdbe67a94daf76414ababcb853783967236a71b16ec16e742cd7a986fd3\windows-amd64

VM Arguments:
jvm_args: --add-opens=java.base/java.util=ALL-UNNAMED --add-opens=java.base/java.lang=ALL-UNNAMED --add-opens=java.base/java.lang.invoke=ALL-UNNAMED --add-opens=java.base/java.util=ALL-UNNAMED --add-opens=java.prefs/java.util.prefs=ALL-UNNAMED --add-opens=java.prefs/java.util.prefs=ALL-UNNAMED --add-opens=java.base/java.nio.charset=ALL-UNNAMED --add-opens=java.base/java.net=ALL-UNNAMED --add-opens=java.base/java.util.concurrent.atomic=ALL-UNNAMED -Xmx1536M -Dfile.encoding=windows-1252 -Duser.country=US -Duser.language=en -Duser.variant 
java_command: org.gradle.launcher.daemon.bootstrap.GradleDaemon 7.5
java_class_path (initial): C:\Users\younies\.gradle\wrapper\dists\gradle-7.5-all\6qsw290k5lz422uaf8jf6m7co\gradle-7.5\lib\gradle-launcher-7.5.jar
Launcher Type: SUN_STANDARD

[Global flags]
     intx CICompilerCount                          = 4                                         {product} {ergonomic}
     uint ConcGCThreads                            = 2                                         {product} {ergonomic}
     uint G1ConcRefinementThreads                  = 8                                         {product} {ergonomic}
   size_t G1HeapRegionSize                         = 1048576                                   {product} {ergonomic}
    uintx GCDrainStackTargetSize                   = 64                                        {product} {ergonomic}
   size_t InitialHeapSize                          = 132120576                                 {product} {ergonomic}
   size_t MarkStackSize                            = 4194304                                   {product} {ergonomic}
   size_t MaxHeapSize                              = 1610612736                                {product} {command line}
   size_t MaxNewSize                               = 965738496                                 {product} {ergonomic}
   size_t MinHeapDeltaBytes                        = 1048576                                   {product} {ergonomic}
    uintx NonNMethodCodeHeapSize                   = 5836300                                {pd product} {ergonomic}
    uintx NonProfiledCodeHeapSize                  = 122910970                              {pd product} {ergonomic}
    uintx ProfiledCodeHeapSize                     = 122910970                              {pd product} {ergonomic}
    uintx ReservedCodeCacheSize                    = 251658240                              {pd product} {ergonomic}
     bool SegmentedCodeCache                       = true                                      {product} {ergonomic}
     bool UseCompressedClassPointers               = true                                 {lp64_product} {ergonomic}
     bool UseCompressedOops                        = true                                 {lp64_product} {ergonomic}
     bool UseG1GC                                  = true                                      {product} {ergonomic}
     bool UseLargePagesIndividualAllocation        = false                                  {pd product} {ergonomic}

Logging:
Log output configuration:
 #0: stdout all=warning uptime,level,tags
 #1: stderr all=off uptime,level,tags

Environment Variables:
JAVA_HOME=E:\Dev Apps\Android Studio\jre
CLASSPATH=E:\Career\my projects\kora_analysis\android\\gradle\wrapper\gradle-wrapper.jar
PATH=E:\Dev Apps\Android Studio\jre\bin;C:\Program Files\Common Files\Oracle\Java\javapath;C:\Windows\system32;C:\Windows;C:\Windows\System32\Wbem;C:\Windows\System32\WindowsPowerShell\v1.0\;C:\Windows\System32\OpenSSH\;C:\Program Files\Microsoft SQL Server\Client SDK\ODBC\170\Tools\Binn\;C:\Program Files\NVIDIA Corporation\NVIDIA NvDLISR;C:\Program Files\Azure Data Studio\bin;C:\Program Files\PuTTY\;C:\WINDOWS\system32;C:\WINDOWS;C:\WINDOWS\System32\Wbem;C:\WINDOWS\System32\WindowsPowerShell\v1.0\;C:\WINDOWS\System32\OpenSSH\;C:\Program Files\dotnet\;C:\Program Files\Git\cmd;C:\Program Files (x86)\dotnet\;C:\Program Files\nodejs\;C:\ProgramData\chocolatey\bin;C:\Program Files (x86)\NVIDIA Corporation\PhysX\Common;E:\Dev Apps\python\Scripts\;E:\Dev Apps\python\;C:\Users\younies\AppData\Local\Microsoft\WindowsApps;C:\Program Files\Azure Data Studio\bin;C:\Program Files\JetBrains\PyCharm Community Edition 2020.1.1\bin;;C:\Users\younies\.dotnet\tools;C:\Users\younies\AppData\Local\Programs\Microsoft VS Code\bin;E:\Dev Apps\flutter\bin;E:\Dev Apps\cmdline-tools;E:\Dev Apps\msys64\mingw64\bin;C:\Users\younies\AppData\Roaming\npm;C:\Users\younies\AppData\Local\Pub\Cache\bin;;E:\Dev Apps\flutter\bin\mingit\cmd;E:\Dev Apps\flutter\bin\mingit\cmd
USERNAME=younies
OS=Windows_NT
PROCESSOR_IDENTIFIER=Intel64 Family 6 Model 165 Stepping 2, GenuineIntel



---------------  S Y S T E M  ---------------

OS: Windows 10 , 64 bit Build 22000 (10.0.22000.2538)
OS uptime: 0 days 8:43 hours
Hyper-V role detected

CPU:total 8 (initial active 8) (4 cores per cpu, 2 threads per core) family 6 model 165 stepping 2 microcode 0xea, cmov, cx8, fxsr, mmx, sse, sse2, sse3, ssse3, sse4.1, sse4.2, popcnt, avx, avx2, aes, clmul, erms, 3dnowpref, lzcnt, ht, tsc, tscinvbit, bmi1, bmi2, adx, fma

Memory: 4k page, system-wide physical 8059M (970M free)
TotalPageFile size 10389M (AvailPageFile size 5M)
current process WorkingSet (physical memory assigned to process): 252M, peak: 254M
current process commit charge ("private bytes"): 315M, peak: 319M

vm_info: OpenJDK 64-Bit Server VM (11.0.11+9-b60-7590822) for windows-amd64 JRE (11.0.11+9-b60-7590822), built on Jul 29 2021 21:43:44 by "builder" with MS VC++ 14.0 (VS2015)

END.
